{"/home/bibin/Desktop/benjose/july2/src/app.ts": {"path":"/home/bibin/Desktop/benjose/july2/src/app.ts","statementMap":{"0":{"start":{"line":30,"column":0},"end":{"line":30,"column":64}},"1":{"start":{"line":33,"column":16},"end":{"line":33,"column":34}},"2":{"start":{"line":34,"column":15},"end":{"line":34,"column":28}},"3":{"start":{"line":35,"column":0},"end":{"line":35,"column":37}},"4":{"start":{"line":36,"column":0},"end":{"line":36,"column":54}},"5":{"start":{"line":38,"column":0},"end":{"line":38,"column":45}},"6":{"start":{"line":39,"column":0},"end":{"line":39,"column":60}},"7":{"start":{"line":40,"column":0},"end":{"line":40,"column":30}},"8":{"start":{"line":42,"column":0},"end":{"line":42,"column":26}},"9":{"start":{"line":44,"column":0},"end":{"line":44,"column":41}},"10":{"start":{"line":45,"column":0},"end":{"line":45,"column":28}},"11":{"start":{"line":47,"column":0},"end":{"line":50,"column":3}},"12":{"start":{"line":48,"column":2},"end":{"line":48,"column":23}},"13":{"start":{"line":49,"column":2},"end":{"line":49,"column":38}},"14":{"start":{"line":52,"column":0},"end":{"line":54,"column":3}},"15":{"start":{"line":53,"column":2},"end":{"line":53,"column":48}},"16":{"start":{"line":56,"column":0},"end":{"line":66,"column":5}},"17":{"start":{"line":56,"column":12},"end":{"line":66,"column":2}},"18":{"start":{"line":57,"column":2},"end":{"line":62,"column":3}},"19":{"start":{"line":58,"column":4},"end":{"line":58,"column":34}},"20":{"start":{"line":60,"column":4},"end":{"line":60,"column":29}},"21":{"start":{"line":61,"column":4},"end":{"line":61,"column":20}},"22":{"start":{"line":63,"column":2},"end":{"line":65,"column":5}},"23":{"start":{"line":64,"column":4},"end":{"line":64,"column":44}}},"fnMap":{"0":{"name":"(anonymous_8)","decl":{"start":{"line":47,"column":16},"end":{"line":47,"column":17}},"loc":{"start":{"line":47,"column":48},"end":{"line":50,"column":1}}},"1":{"name":"(anonymous_9)","decl":{"start":{"line":52,"column":20},"end":{"line":52,"column":23}},"loc":{"start":{"line":52,"column":25},"end":{"line":54,"column":1}}},"2":{"name":"(anonymous_10)","decl":{"start":{"line":56,"column":1},"end":{"line":56,"column":10}},"loc":{"start":{"line":56,"column":12},"end":{"line":66,"column":2}}},"3":{"name":"(anonymous_11)","decl":{"start":{"line":56,"column":12},"end":{"line":56,"column":null}},"loc":{"start":{"line":56,"column":12},"end":{"line":66,"column":1}}},"4":{"name":"(anonymous_12)","decl":{"start":{"line":63,"column":22},"end":{"line":63,"column":25}},"loc":{"start":{"line":63,"column":27},"end":{"line":65,"column":3}}}},"branchMap":{},"s":{"0":0,"1":0,"2":0,"3":0,"4":0,"5":0,"6":0,"7":0,"8":0,"9":0,"10":0,"11":0,"12":0,"13":0,"14":0,"15":0,"16":0,"17":0,"18":0,"19":0,"20":0,"21":0,"22":0,"23":0},"f":{"0":0,"1":0,"2":0,"3":0,"4":0},"b":{}}
,"/home/bibin/Desktop/benjose/july2/src/controller/employee.controller.ts": {"path":"/home/bibin/Desktop/benjose/july2/src/controller/employee.controller.ts","statementMap":{"0":{"start":{"line":1,"column":0},"end":{"line":1,"column":66}},"1":{"start":{"line":3,"column":0},"end":{"line":3,"column":58}},"2":{"start":{"line":4,"column":0},"end":{"line":4,"column":52}},"3":{"start":{"line":5,"column":0},"end":{"line":5,"column":75}},"4":{"start":{"line":6,"column":0},"end":{"line":6,"column":43}},"5":{"start":{"line":7,"column":0},"end":{"line":7,"column":67}},"6":{"start":{"line":11,"column":22},"end":{"line":11,"column":54}},"7":{"start":{"line":21,"column":9},"end":{"line":34,"column":4}},"8":{"start":{"line":25,"column":6},"end":{"line":34,"column":4}},"9":{"start":{"line":26,"column":4},"end":{"line":33,"column":5}},"10":{"start":{"line":27,"column":24},"end":{"line":27,"column":68}},"11":{"start":{"line":28,"column":6},"end":{"line":29,"column":59}},"12":{"start":{"line":29,"column":8},"end":{"line":29,"column":59}},"13":{"start":{"line":30,"column":6},"end":{"line":30,"column":38}},"14":{"start":{"line":32,"column":6},"end":{"line":32,"column":18}},"15":{"start":{"line":36,"column":9},"end":{"line":54,"column":4}},"16":{"start":{"line":40,"column":6},"end":{"line":54,"column":4}},"17":{"start":{"line":41,"column":4},"end":{"line":53,"column":5}},"18":{"start":{"line":42,"column":25},"end":{"line":42,"column":46}},"19":{"start":{"line":43,"column":23},"end":{"line":43,"column":77}},"20":{"start":{"line":44,"column":6},"end":{"line":49,"column":7}},"21":{"start":{"line":45,"column":8},"end":{"line":48,"column":10}},"22":{"start":{"line":50,"column":6},"end":{"line":50,"column":37}},"23":{"start":{"line":52,"column":6},"end":{"line":52,"column":18}},"24":{"start":{"line":56,"column":8},"end":{"line":69,"column":4}},"25":{"start":{"line":59,"column":22},"end":{"line":69,"column":4}},"26":{"start":{"line":61,"column":26},"end":{"line":61,"column":34}},"27":{"start":{"line":62,"column":4},"end":{"line":68,"column":5}},"28":{"start":{"line":63,"column":18},"end":{"line":63,"column":74}},"29":{"start":{"line":64,"column":6},"end":{"line":64,"column":42}},"30":{"start":{"line":67,"column":6},"end":{"line":67,"column":null}},"31":{"start":{"line":71,"column":9},"end":{"line":96,"column":4}},"32":{"start":{"line":75,"column":6},"end":{"line":96,"column":4}},"33":{"start":{"line":76,"column":4},"end":{"line":95,"column":5}},"34":{"start":{"line":77,"column":26},"end":{"line":77,"column":70}},"35":{"start":{"line":78,"column":21},"end":{"line":78,"column":48}},"36":{"start":{"line":79,"column":6},"end":{"line":83,"column":7}},"37":{"start":{"line":80,"column":8},"end":{"line":80,"column":44}},"38":{"start":{"line":82,"column":8},"end":{"line":82,"column":61}},"39":{"start":{"line":84,"column":26},"end":{"line":90,"column":null}},"40":{"start":{"line":92,"column":6},"end":{"line":92,"column":40}},"41":{"start":{"line":94,"column":6},"end":{"line":94,"column":18}},"42":{"start":{"line":98,"column":9},"end":{"line":122,"column":4}},"43":{"start":{"line":102,"column":6},"end":{"line":122,"column":4}},"44":{"start":{"line":103,"column":4},"end":{"line":121,"column":5}},"45":{"start":{"line":104,"column":26},"end":{"line":104,"column":70}},"46":{"start":{"line":105,"column":21},"end":{"line":105,"column":48}},"47":{"start":{"line":106,"column":6},"end":{"line":110,"column":7}},"48":{"start":{"line":107,"column":8},"end":{"line":107,"column":44}},"49":{"start":{"line":109,"column":8},"end":{"line":109,"column":61}},"50":{"start":{"line":111,"column":34},"end":{"line":111,"column":42}},"51":{"start":{"line":112,"column":25},"end":{"line":112,"column":46}},"52":{"start":{"line":113,"column":30},"end":{"line":115,"column":null}},"53":{"start":{"line":118,"column":6},"end":{"line":118,"column":44}},"54":{"start":{"line":120,"column":6},"end":{"line":120,"column":18}},"55":{"start":{"line":124,"column":9},"end":{"line":135,"column":4}},"56":{"start":{"line":128,"column":6},"end":{"line":135,"column":4}},"57":{"start":{"line":129,"column":4},"end":{"line":134,"column":5}},"58":{"start":{"line":130,"column":6},"end":{"line":130,"column":71}},"59":{"start":{"line":131,"column":6},"end":{"line":131,"column":38}},"60":{"start":{"line":133,"column":6},"end":{"line":133,"column":18}},"61":{"start":{"line":12,"column":4},"end":{"line":12,"column":27}},"62":{"start":{"line":13,"column":4},"end":{"line":13,"column":57}},"63":{"start":{"line":14,"column":4},"end":{"line":14,"column":46}},"64":{"start":{"line":15,"column":4},"end":{"line":15,"column":47}},"65":{"start":{"line":16,"column":4},"end":{"line":16,"column":49}},"66":{"start":{"line":17,"column":4},"end":{"line":17,"column":52}},"67":{"start":{"line":18,"column":4},"end":{"line":18,"column":50}},"68":{"start":{"line":138,"column":0},"end":{"line":138,"column":34}}},"fnMap":{"0":{"name":"(anonymous_8)","decl":{"start":{"line":11,"column":2},"end":{"line":11,"column":22}},"loc":{"start":{"line":11,"column":54},"end":{"line":19,"column":3}}},"1":{"name":"(anonymous_9)","decl":{"start":{"line":21,"column":27},"end":{"line":21,"column":null}},"loc":{"start":{"line":25,"column":6},"end":{"line":34,"column":4}}},"2":{"name":"(anonymous_10)","decl":{"start":{"line":25,"column":6},"end":{"line":25,"column":null}},"loc":{"start":{"line":25,"column":6},"end":{"line":34,"column":3}}},"3":{"name":"(anonymous_11)","decl":{"start":{"line":36,"column":23},"end":{"line":36,"column":null}},"loc":{"start":{"line":40,"column":6},"end":{"line":54,"column":4}}},"4":{"name":"(anonymous_12)","decl":{"start":{"line":40,"column":6},"end":{"line":40,"column":null}},"loc":{"start":{"line":40,"column":6},"end":{"line":54,"column":3}}},"5":{"name":"(anonymous_13)","decl":{"start":{"line":56,"column":22},"end":{"line":56,"column":null}},"loc":{"start":{"line":59,"column":22},"end":{"line":69,"column":4}}},"6":{"name":"(anonymous_14)","decl":{"start":{"line":59,"column":22},"end":{"line":59,"column":null}},"loc":{"start":{"line":59,"column":22},"end":{"line":69,"column":3}}},"7":{"name":"(anonymous_15)","decl":{"start":{"line":71,"column":26},"end":{"line":71,"column":null}},"loc":{"start":{"line":75,"column":6},"end":{"line":96,"column":4}}},"8":{"name":"(anonymous_16)","decl":{"start":{"line":75,"column":6},"end":{"line":75,"column":null}},"loc":{"start":{"line":75,"column":6},"end":{"line":96,"column":3}}},"9":{"name":"(anonymous_17)","decl":{"start":{"line":98,"column":26},"end":{"line":98,"column":null}},"loc":{"start":{"line":102,"column":6},"end":{"line":122,"column":4}}},"10":{"name":"(anonymous_18)","decl":{"start":{"line":102,"column":6},"end":{"line":102,"column":null}},"loc":{"start":{"line":102,"column":6},"end":{"line":122,"column":3}}},"11":{"name":"(anonymous_19)","decl":{"start":{"line":124,"column":26},"end":{"line":124,"column":null}},"loc":{"start":{"line":128,"column":6},"end":{"line":135,"column":4}}},"12":{"name":"(anonymous_20)","decl":{"start":{"line":128,"column":6},"end":{"line":128,"column":null}},"loc":{"start":{"line":128,"column":6},"end":{"line":135,"column":3}}}},"branchMap":{"0":{"loc":{"start":{"line":28,"column":6},"end":{"line":29,"column":59}},"type":"if","locations":[{"start":{"line":28,"column":6},"end":{"line":29,"column":59}}]},"1":{"loc":{"start":{"line":44,"column":6},"end":{"line":49,"column":7}},"type":"if","locations":[{"start":{"line":44,"column":6},"end":{"line":49,"column":7}}]},"2":{"loc":{"start":{"line":79,"column":6},"end":{"line":83,"column":7}},"type":"if","locations":[{"start":{"line":79,"column":6},"end":{"line":83,"column":7}}]},"3":{"loc":{"start":{"line":106,"column":6},"end":{"line":110,"column":7}},"type":"if","locations":[{"start":{"line":106,"column":6},"end":{"line":110,"column":7}}]}},"s":{"0":0,"1":0,"2":0,"3":0,"4":0,"5":0,"6":0,"7":0,"8":0,"9":0,"10":0,"11":0,"12":0,"13":0,"14":0,"15":0,"16":0,"17":0,"18":0,"19":0,"20":0,"21":0,"22":0,"23":0,"24":0,"25":0,"26":0,"27":0,"28":0,"29":0,"30":0,"31":0,"32":0,"33":0,"34":0,"35":0,"36":0,"37":0,"38":0,"39":0,"40":0,"41":0,"42":0,"43":0,"44":0,"45":0,"46":0,"47":0,"48":0,"49":0,"50":0,"51":0,"52":0,"53":0,"54":0,"55":0,"56":0,"57":0,"58":0,"59":0,"60":0,"61":0,"62":0,"63":0,"64":0,"65":0,"66":0,"67":0,"68":0},"f":{"0":0,"1":0,"2":0,"3":0,"4":0,"5":0,"6":0,"7":0,"8":0,"9":0,"10":0,"11":0,"12":0},"b":{"0":[0],"1":[0],"2":[0],"3":[0]}}
,"/home/bibin/Desktop/benjose/july2/src/db/data_source.db.ts": {"path":"/home/bibin/Desktop/benjose/july2/src/db/data_source.db.ts","statementMap":{"0":{"start":{"line":1,"column":0},"end":{"line":1,"column":26}},"1":{"start":{"line":2,"column":0},"end":{"line":2,"column":37}},"2":{"start":{"line":3,"column":0},"end":{"line":3,"column":64}},"3":{"start":{"line":5,"column":19},"end":{"line":18,"column":2}},"4":{"start":{"line":20,"column":0},"end":{"line":20,"column":26}}},"fnMap":{},"branchMap":{},"s":{"0":0,"1":0,"2":0,"3":0,"4":0},"f":{},"b":{}}
,"/home/bibin/Desktop/benjose/july2/src/db/migrations/1720084396040-create-employee.ts": {"path":"/home/bibin/Desktop/benjose/july2/src/db/migrations/1720084396040-create-employee.ts","statementMap":{"0":{"start":{"line":4,"column":4},"end":{"line":4,"column":null}},"1":{"start":{"line":7,"column":8},"end":{"line":7,"column":335}},"2":{"start":{"line":11,"column":8},"end":{"line":11,"column":57}},"3":{"start":{"line":3,"column":0},"end":{"line":3,"column":13}}},"fnMap":{"0":{"name":"(anonymous_7)","decl":{"start":{"line":3,"column":0},"end":{"line":3,"column":13}},"loc":{"start":{"line":3,"column":0},"end":{"line":14,"column":1}}},"1":{"name":"(anonymous_8)","decl":{"start":{"line":6,"column":17},"end":{"line":6,"column":19}},"loc":{"start":{"line":6,"column":44},"end":{"line":8,"column":null}}},"2":{"name":"(anonymous_10)","decl":{"start":{"line":10,"column":17},"end":{"line":10,"column":21}},"loc":{"start":{"line":10,"column":46},"end":{"line":12,"column":null}}}},"branchMap":{},"s":{"0":0,"1":0,"2":0,"3":0},"f":{"0":0,"1":0,"2":0},"b":{}}
,"/home/bibin/Desktop/benjose/july2/src/db/migrations/1720084818508-add_age.ts": {"path":"/home/bibin/Desktop/benjose/july2/src/db/migrations/1720084818508-add_age.ts","statementMap":{"0":{"start":{"line":4,"column":4},"end":{"line":4,"column":null}},"1":{"start":{"line":7,"column":8},"end":{"line":7,"column":85}},"2":{"start":{"line":11,"column":8},"end":{"line":11,"column":76}},"3":{"start":{"line":3,"column":0},"end":{"line":3,"column":13}}},"fnMap":{"0":{"name":"(anonymous_7)","decl":{"start":{"line":3,"column":0},"end":{"line":3,"column":13}},"loc":{"start":{"line":3,"column":0},"end":{"line":14,"column":1}}},"1":{"name":"(anonymous_8)","decl":{"start":{"line":6,"column":17},"end":{"line":6,"column":19}},"loc":{"start":{"line":6,"column":44},"end":{"line":8,"column":null}}},"2":{"name":"(anonymous_10)","decl":{"start":{"line":10,"column":17},"end":{"line":10,"column":21}},"loc":{"start":{"line":10,"column":46},"end":{"line":12,"column":null}}}},"branchMap":{},"s":{"0":0,"1":0,"2":0,"3":0},"f":{"0":0,"1":0,"2":0},"b":{}}
,"/home/bibin/Desktop/benjose/july2/src/db/migrations/1720090766667-address_table.ts": {"path":"/home/bibin/Desktop/benjose/july2/src/db/migrations/1720090766667-address_table.ts","statementMap":{"0":{"start":{"line":4,"column":4},"end":{"line":4,"column":null}},"1":{"start":{"line":7,"column":8},"end":{"line":7,"column":428}},"2":{"start":{"line":8,"column":8},"end":{"line":8,"column":201}},"3":{"start":{"line":12,"column":8},"end":{"line":12,"column":106}},"4":{"start":{"line":13,"column":8},"end":{"line":13,"column":56}},"5":{"start":{"line":3,"column":0},"end":{"line":3,"column":13}}},"fnMap":{"0":{"name":"(anonymous_7)","decl":{"start":{"line":3,"column":0},"end":{"line":3,"column":13}},"loc":{"start":{"line":3,"column":0},"end":{"line":16,"column":1}}},"1":{"name":"(anonymous_8)","decl":{"start":{"line":6,"column":17},"end":{"line":6,"column":19}},"loc":{"start":{"line":6,"column":44},"end":{"line":9,"column":null}}},"2":{"name":"(anonymous_10)","decl":{"start":{"line":11,"column":17},"end":{"line":11,"column":21}},"loc":{"start":{"line":11,"column":46},"end":{"line":14,"column":null}}}},"branchMap":{},"s":{"0":0,"1":0,"2":0,"3":0,"4":0,"5":0},"f":{"0":0,"1":0,"2":0},"b":{}}
,"/home/bibin/Desktop/benjose/july2/src/db/migrations/1720156266809-aunthentication.ts": {"path":"/home/bibin/Desktop/benjose/july2/src/db/migrations/1720156266809-aunthentication.ts","statementMap":{"0":{"start":{"line":4,"column":4},"end":{"line":4,"column":null}},"1":{"start":{"line":7,"column":8},"end":{"line":7,"column":90}},"2":{"start":{"line":8,"column":8},"end":{"line":8,"column":86}},"3":{"start":{"line":12,"column":8},"end":{"line":12,"column":76}},"4":{"start":{"line":13,"column":8},"end":{"line":13,"column":80}},"5":{"start":{"line":3,"column":0},"end":{"line":3,"column":13}}},"fnMap":{"0":{"name":"(anonymous_7)","decl":{"start":{"line":3,"column":0},"end":{"line":3,"column":13}},"loc":{"start":{"line":3,"column":0},"end":{"line":16,"column":1}}},"1":{"name":"(anonymous_8)","decl":{"start":{"line":6,"column":17},"end":{"line":6,"column":19}},"loc":{"start":{"line":6,"column":44},"end":{"line":9,"column":null}}},"2":{"name":"(anonymous_10)","decl":{"start":{"line":11,"column":17},"end":{"line":11,"column":21}},"loc":{"start":{"line":11,"column":46},"end":{"line":14,"column":null}}}},"branchMap":{},"s":{"0":0,"1":0,"2":0,"3":0,"4":0,"5":0},"f":{"0":0,"1":0,"2":0},"b":{}}
,"/home/bibin/Desktop/benjose/july2/src/db/migrations/1720157345467-aunthentication.ts": {"path":"/home/bibin/Desktop/benjose/july2/src/db/migrations/1720157345467-aunthentication.ts","statementMap":{"0":{"start":{"line":4,"column":4},"end":{"line":4,"column":null}},"1":{"start":{"line":7,"column":8},"end":{"line":7,"column":80}},"2":{"start":{"line":8,"column":8},"end":{"line":8,"column":76}},"3":{"start":{"line":9,"column":8},"end":{"line":9,"column":91}},"4":{"start":{"line":10,"column":8},"end":{"line":10,"column":87}},"5":{"start":{"line":14,"column":8},"end":{"line":14,"column":77}},"6":{"start":{"line":15,"column":8},"end":{"line":15,"column":81}},"7":{"start":{"line":16,"column":8},"end":{"line":16,"column":86}},"8":{"start":{"line":17,"column":8},"end":{"line":17,"column":90}},"9":{"start":{"line":3,"column":0},"end":{"line":3,"column":13}}},"fnMap":{"0":{"name":"(anonymous_7)","decl":{"start":{"line":3,"column":0},"end":{"line":3,"column":13}},"loc":{"start":{"line":3,"column":0},"end":{"line":20,"column":1}}},"1":{"name":"(anonymous_8)","decl":{"start":{"line":6,"column":17},"end":{"line":6,"column":19}},"loc":{"start":{"line":6,"column":44},"end":{"line":11,"column":null}}},"2":{"name":"(anonymous_10)","decl":{"start":{"line":13,"column":17},"end":{"line":13,"column":21}},"loc":{"start":{"line":13,"column":46},"end":{"line":18,"column":null}}}},"branchMap":{},"s":{"0":0,"1":0,"2":0,"3":0,"4":0,"5":0,"6":0,"7":0,"8":0,"9":0},"f":{"0":0,"1":0,"2":0},"b":{}}
,"/home/bibin/Desktop/benjose/july2/src/dto/address.dto.ts": {"path":"/home/bibin/Desktop/benjose/july2/src/dto/address.dto.ts","statementMap":{"0":{"start":{"line":1,"column":0},"end":{"line":1,"column":55}},"1":{"start":{"line":3,"column":0},"end":{"line":3,"column":13}},"2":{"start":{"line":6,"column":4},"end":{"line":6,"column":null}},"3":{"start":{"line":10,"column":4},"end":{"line":10,"column":null}},"4":{"start":{"line":13,"column":0},"end":{"line":13,"column":13}},"5":{"start":{"line":15,"column":4},"end":{"line":15,"column":null}},"6":{"start":{"line":18,"column":4},"end":{"line":18,"column":null}}},"fnMap":{},"branchMap":{},"s":{"0":0,"1":0,"2":0,"3":0,"4":0,"5":0,"6":0},"f":{},"b":{}}
,"/home/bibin/Desktop/benjose/july2/src/dto/employee.dto.ts": {"path":"/home/bibin/Desktop/benjose/july2/src/dto/employee.dto.ts","statementMap":{"0":{"start":{"line":1,"column":0},"end":{"line":1,"column":null}},"1":{"start":{"line":9,"column":0},"end":{"line":9,"column":67}},"2":{"start":{"line":10,"column":0},"end":{"line":10,"column":41}},"3":{"start":{"line":11,"column":0},"end":{"line":11,"column":26}},"4":{"start":{"line":12,"column":0},"end":{"line":12,"column":42}},"5":{"start":{"line":14,"column":0},"end":{"line":14,"column":13}},"6":{"start":{"line":17,"column":2},"end":{"line":17,"column":null}},"7":{"start":{"line":22,"column":2},"end":{"line":22,"column":null}},"8":{"start":{"line":26,"column":2},"end":{"line":26,"column":null}},"9":{"start":{"line":31,"column":2},"end":{"line":31,"column":null}},"10":{"start":{"line":30,"column":14},"end":{"line":30,"column":30}},"11":{"start":{"line":35,"column":2},"end":{"line":35,"column":null}},"12":{"start":{"line":39,"column":2},"end":{"line":39,"column":null}},"13":{"start":{"line":42,"column":0},"end":{"line":42,"column":13}},"14":{"start":{"line":44,"column":2},"end":{"line":44,"column":null}},"15":{"start":{"line":48,"column":2},"end":{"line":48,"column":null}},"16":{"start":{"line":51,"column":2},"end":{"line":51,"column":null}},"17":{"start":{"line":55,"column":2},"end":{"line":55,"column":null}},"18":{"start":{"line":54,"column":14},"end":{"line":54,"column":30}}},"fnMap":{"0":{"name":"(anonymous_2)","decl":{"start":{"line":30,"column":8},"end":{"line":30,"column":11}},"loc":{"start":{"line":30,"column":14},"end":{"line":30,"column":30}}},"1":{"name":"(anonymous_3)","decl":{"start":{"line":54,"column":8},"end":{"line":54,"column":11}},"loc":{"start":{"line":54,"column":14},"end":{"line":54,"column":30}}}},"branchMap":{},"s":{"0":0,"1":0,"2":0,"3":0,"4":0,"5":0,"6":0,"7":0,"8":0,"9":0,"10":0,"11":0,"12":0,"13":0,"14":0,"15":0,"16":0,"17":0,"18":0},"f":{"0":0,"1":0},"b":{}}
,"/home/bibin/Desktop/benjose/july2/src/entity/abstarct_entity.ts": {"path":"/home/bibin/Desktop/benjose/july2/src/entity/abstarct_entity.ts","statementMap":{"0":{"start":{"line":2,"column":0},"end":{"line":2,"column":120}},"1":{"start":{"line":6,"column":4},"end":{"line":6,"column":null}},"2":{"start":{"line":10,"column":4},"end":{"line":10,"column":null}},"3":{"start":{"line":13,"column":4},"end":{"line":13,"column":null}},"4":{"start":{"line":16,"column":4},"end":{"line":16,"column":null}},"5":{"start":{"line":19,"column":0},"end":{"line":19,"column":30}}},"fnMap":{},"branchMap":{},"s":{"0":0,"1":0,"2":0,"3":0,"4":0,"5":0},"f":{},"b":{}}
,"/home/bibin/Desktop/benjose/july2/src/entity/address.entity.ts": {"path":"/home/bibin/Desktop/benjose/july2/src/entity/address.entity.ts","statementMap":{"0":{"start":{"line":1,"column":0},"end":{"line":1,"column":null}},"1":{"start":{"line":12,"column":0},"end":{"line":12,"column":47}},"2":{"start":{"line":13,"column":0},"end":{"line":13,"column":41}},"3":{"start":{"line":16,"column":0},"end":{"line":27,"column":null}},"4":{"start":{"line":18,"column":2},"end":{"line":18,"column":null}},"5":{"start":{"line":21,"column":2},"end":{"line":21,"column":null}},"6":{"start":{"line":24,"column":2},"end":{"line":24,"column":null}},"7":{"start":{"line":22,"column":18},"end":{"line":22,"column":26}},"8":{"start":{"line":22,"column":42},"end":{"line":22,"column":58}},"9":{"start":{"line":16,"column":6},"end":{"line":27,"column":null}},"10":{"start":{"line":28,"column":0},"end":{"line":28,"column":23}}},"fnMap":{"0":{"name":"(anonymous_3)","decl":{"start":{"line":22,"column":12},"end":{"line":22,"column":15}},"loc":{"start":{"line":22,"column":18},"end":{"line":22,"column":26}}},"1":{"name":"(anonymous_4)","decl":{"start":{"line":22,"column":28},"end":{"line":22,"column":29}},"loc":{"start":{"line":22,"column":42},"end":{"line":22,"column":58}}}},"branchMap":{},"s":{"0":0,"1":0,"2":0,"3":0,"4":0,"5":0,"6":0,"7":0,"8":0,"9":0,"10":0},"f":{"0":0,"1":0},"b":{}}
,"/home/bibin/Desktop/benjose/july2/src/entity/employee.entity.ts": {"path":"/home/bibin/Desktop/benjose/july2/src/entity/employee.entity.ts","statementMap":{"0":{"start":{"line":1,"column":0},"end":{"line":1,"column":null}},"1":{"start":{"line":10,"column":0},"end":{"line":10,"column":47}},"2":{"start":{"line":11,"column":0},"end":{"line":11,"column":39}},"3":{"start":{"line":12,"column":0},"end":{"line":12,"column":42}},"4":{"start":{"line":14,"column":0},"end":{"line":33,"column":null}},"5":{"start":{"line":16,"column":2},"end":{"line":16,"column":null}},"6":{"start":{"line":18,"column":2},"end":{"line":18,"column":null}},"7":{"start":{"line":20,"column":2},"end":{"line":20,"column":null}},"8":{"start":{"line":22,"column":2},"end":{"line":22,"column":null}},"9":{"start":{"line":24,"column":2},"end":{"line":24,"column":null}},"10":{"start":{"line":26,"column":2},"end":{"line":26,"column":null}},"11":{"start":{"line":32,"column":2},"end":{"line":32,"column":null}},"12":{"start":{"line":28,"column":18},"end":{"line":28,"column":25}},"13":{"start":{"line":28,"column":40},"end":{"line":28,"column":56}},"14":{"start":{"line":14,"column":6},"end":{"line":33,"column":null}},"15":{"start":{"line":34,"column":0},"end":{"line":34,"column":24}}},"fnMap":{"0":{"name":"(anonymous_3)","decl":{"start":{"line":28,"column":12},"end":{"line":28,"column":15}},"loc":{"start":{"line":28,"column":18},"end":{"line":28,"column":25}}},"1":{"name":"(anonymous_4)","decl":{"start":{"line":28,"column":27},"end":{"line":28,"column":28}},"loc":{"start":{"line":28,"column":40},"end":{"line":28,"column":56}}}},"branchMap":{},"s":{"0":0,"1":0,"2":0,"3":0,"4":0,"5":0,"6":0,"7":0,"8":0,"9":0,"10":0,"11":0,"12":0,"13":0,"14":0,"15":0},"f":{"0":0,"1":0},"b":{}}
,"/home/bibin/Desktop/benjose/july2/src/exceptions/http.exceptions.ts": {"path":"/home/bibin/Desktop/benjose/july2/src/exceptions/http.exceptions.ts","statementMap":{"0":{"start":{"line":4,"column":4},"end":{"line":4,"column":19}},"1":{"start":{"line":5,"column":4},"end":{"line":5,"column":25}},"2":{"start":{"line":9,"column":0},"end":{"line":9,"column":29}}},"fnMap":{"0":{"name":"(anonymous_0)","decl":{"start":{"line":3,"column":2},"end":{"line":3,"column":14}},"loc":{"start":{"line":3,"column":45},"end":{"line":6,"column":3}}}},"branchMap":{},"s":{"0":0,"1":0,"2":0},"f":{"0":0},"b":{}}
,"/home/bibin/Desktop/benjose/july2/src/middleware/autherisation.middleware.ts": {"path":"/home/bibin/Desktop/benjose/july2/src/middleware/autherisation.middleware.ts","statementMap":{"0":{"start":{"line":2,"column":0},"end":{"line":2,"column":40}},"1":{"start":{"line":6,"column":25},"end":{"line":21,"column":2}},"2":{"start":{"line":10,"column":4},"end":{"line":21,"column":2}},"3":{"start":{"line":11,"column":2},"end":{"line":20,"column":3}},"4":{"start":{"line":12,"column":18},"end":{"line":12,"column":48}},"5":{"start":{"line":13,"column":20},"end":{"line":13,"column":54}},"6":{"start":{"line":14,"column":4},"end":{"line":14,"column":44}},"7":{"start":{"line":15,"column":4},"end":{"line":15,"column":46}},"8":{"start":{"line":16,"column":4},"end":{"line":16,"column":44}},"9":{"start":{"line":17,"column":4},"end":{"line":17,"column":18}},"10":{"start":{"line":19,"column":4},"end":{"line":19,"column":23}},"11":{"start":{"line":6,"column":13},"end":{"line":6,"column":25}},"12":{"start":{"line":22,"column":34},"end":{"line":27,"column":1}},"13":{"start":{"line":23,"column":22},"end":{"line":23,"column":49}},"14":{"start":{"line":24,"column":16},"end":{"line":24,"column":69}},"15":{"start":{"line":26,"column":2},"end":{"line":26,"column":15}}},"fnMap":{"0":{"name":"(anonymous_8)","decl":{"start":{"line":6,"column":25},"end":{"line":6,"column":null}},"loc":{"start":{"line":10,"column":4},"end":{"line":21,"column":2}}},"1":{"name":"(anonymous_9)","decl":{"start":{"line":10,"column":4},"end":{"line":10,"column":null}},"loc":{"start":{"line":10,"column":4},"end":{"line":21,"column":1}}},"2":{"name":"(anonymous_10)","decl":{"start":{"line":22,"column":34},"end":{"line":22,"column":35}},"loc":{"start":{"line":22,"column":59},"end":{"line":27,"column":1}}}},"branchMap":{"0":{"loc":{"start":{"line":24,"column":16},"end":{"line":24,"column":69}},"type":"cond-expr","locations":[{"start":{"line":24,"column":30},"end":{"line":24,"column":64}},{"start":{"line":24,"column":67},"end":{"line":24,"column":69}}]}},"s":{"0":0,"1":0,"2":0,"3":0,"4":0,"5":0,"6":0,"7":0,"8":0,"9":0,"10":0,"11":0,"12":0,"13":0,"14":0,"15":0},"f":{"0":0,"1":0,"2":0},"b":{"0":[0,0]}}
,"/home/bibin/Desktop/benjose/july2/src/middleware/error.middleware.ts": {"path":"/home/bibin/Desktop/benjose/july2/src/middleware/error.middleware.ts","statementMap":{"0":{"start":{"line":2,"column":0},"end":{"line":2,"column":58}},"1":{"start":{"line":4,"column":24},"end":{"line":10,"column":1}},"2":{"start":{"line":5,"column":4},"end":{"line":5,"column":29}},"3":{"start":{"line":6,"column":4},"end":{"line":8,"column":5}},"4":{"start":{"line":7,"column":8},"end":{"line":7,"column":85}},"5":{"start":{"line":9,"column":4},"end":{"line":9,"column":49}},"6":{"start":{"line":12,"column":0},"end":{"line":12,"column":31}}},"fnMap":{"0":{"name":"(anonymous_1)","decl":{"start":{"line":4,"column":24},"end":{"line":4,"column":25}},"loc":{"start":{"line":4,"column":88},"end":{"line":10,"column":1}}}},"branchMap":{"0":{"loc":{"start":{"line":6,"column":4},"end":{"line":8,"column":5}},"type":"if","locations":[{"start":{"line":6,"column":4},"end":{"line":8,"column":5}}]}},"s":{"0":0,"1":0,"2":0,"3":0,"4":0,"5":0,"6":0},"f":{"0":0},"b":{"0":[0]}}
,"/home/bibin/Desktop/benjose/july2/src/middleware/logger.middleware.ts": {"path":"/home/bibin/Desktop/benjose/july2/src/middleware/logger.middleware.ts","statementMap":{"0":{"start":{"line":1,"column":25},"end":{"line":4,"column":1}},"1":{"start":{"line":2,"column":2},"end":{"line":2,"column":72}},"2":{"start":{"line":3,"column":2},"end":{"line":3,"column":9}},"3":{"start":{"line":6,"column":0},"end":{"line":6,"column":32}}},"fnMap":{"0":{"name":"(anonymous_0)","decl":{"start":{"line":1,"column":25},"end":{"line":1,"column":26}},"loc":{"start":{"line":1,"column":44},"end":{"line":4,"column":1}}}},"branchMap":{},"s":{"0":0,"1":0,"2":0,"3":0},"f":{"0":0},"b":{}}
,"/home/bibin/Desktop/benjose/july2/src/repository/employee.repository.ts": {"path":"/home/bibin/Desktop/benjose/july2/src/repository/employee.repository.ts","statementMap":{"0":{"start":{"line":5,"column":24},"end":{"line":5,"column":56}},"1":{"start":{"line":7,"column":4},"end":{"line":11,"column":6}},"2":{"start":{"line":7,"column":43},"end":{"line":11,"column":6}},"3":{"start":{"line":8,"column":8},"end":{"line":10,"column":11}},"4":{"start":{"line":13,"column":4},"end":{"line":15,"column":6}},"5":{"start":{"line":13,"column":71},"end":{"line":15,"column":6}},"6":{"start":{"line":14,"column":8},"end":{"line":14,"column":82}},"7":{"start":{"line":17,"column":4},"end":{"line":19,"column":6}},"8":{"start":{"line":17,"column":57},"end":{"line":19,"column":6}},"9":{"start":{"line":18,"column":8},"end":{"line":18,"column":42}},"10":{"start":{"line":21,"column":4},"end":{"line":23,"column":6}},"11":{"start":{"line":21,"column":59},"end":{"line":23,"column":6}},"12":{"start":{"line":22,"column":8},"end":{"line":22,"column":46}},"13":{"start":{"line":25,"column":4},"end":{"line":27,"column":6}},"14":{"start":{"line":25,"column":64},"end":{"line":27,"column":6}},"15":{"start":{"line":26,"column":8},"end":{"line":26,"column":48}},"16":{"start":{"line":29,"column":4},"end":{"line":31,"column":6}},"17":{"start":{"line":29,"column":61},"end":{"line":31,"column":6}},"18":{"start":{"line":30,"column":8},"end":{"line":30,"column":51}},"19":{"start":{"line":34,"column":0},"end":{"line":34,"column":34}}},"fnMap":{"0":{"name":"(anonymous_7)","decl":{"start":{"line":5,"column":4},"end":{"line":5,"column":24}},"loc":{"start":{"line":5,"column":56},"end":{"line":5,"column":60}}},"1":{"name":"(anonymous_8)","decl":{"start":{"line":7,"column":11},"end":{"line":7,"column":41}},"loc":{"start":{"line":7,"column":43},"end":{"line":11,"column":6}}},"2":{"name":"(anonymous_9)","decl":{"start":{"line":7,"column":43},"end":{"line":7,"column":null}},"loc":{"start":{"line":7,"column":43},"end":{"line":11,"column":5}}},"3":{"name":"(anonymous_10)","decl":{"start":{"line":13,"column":16},"end":{"line":13,"column":23}},"loc":{"start":{"line":13,"column":71},"end":{"line":15,"column":6}}},"4":{"name":"(anonymous_11)","decl":{"start":{"line":13,"column":71},"end":{"line":13,"column":null}},"loc":{"start":{"line":13,"column":71},"end":{"line":15,"column":5}}},"5":{"name":"(anonymous_12)","decl":{"start":{"line":17,"column":13},"end":{"line":17,"column":20}},"loc":{"start":{"line":17,"column":57},"end":{"line":19,"column":6}}},"6":{"name":"(anonymous_13)","decl":{"start":{"line":17,"column":57},"end":{"line":17,"column":null}},"loc":{"start":{"line":17,"column":57},"end":{"line":19,"column":5}}},"7":{"name":"(anonymous_14)","decl":{"start":{"line":21,"column":11},"end":{"line":21,"column":18}},"loc":{"start":{"line":21,"column":59},"end":{"line":23,"column":6}}},"8":{"name":"(anonymous_15)","decl":{"start":{"line":21,"column":59},"end":{"line":21,"column":null}},"loc":{"start":{"line":21,"column":59},"end":{"line":23,"column":5}}},"9":{"name":"(anonymous_16)","decl":{"start":{"line":25,"column":13},"end":{"line":25,"column":20}},"loc":{"start":{"line":25,"column":64},"end":{"line":27,"column":6}}},"10":{"name":"(anonymous_17)","decl":{"start":{"line":25,"column":64},"end":{"line":25,"column":null}},"loc":{"start":{"line":25,"column":64},"end":{"line":27,"column":5}}},"11":{"name":"(anonymous_18)","decl":{"start":{"line":29,"column":17},"end":{"line":29,"column":24}},"loc":{"start":{"line":29,"column":61},"end":{"line":31,"column":6}}},"12":{"name":"(anonymous_19)","decl":{"start":{"line":29,"column":61},"end":{"line":29,"column":null}},"loc":{"start":{"line":29,"column":61},"end":{"line":31,"column":5}}}},"branchMap":{},"s":{"0":0,"1":0,"2":0,"3":0,"4":0,"5":0,"6":0,"7":0,"8":0,"9":0,"10":0,"11":0,"12":0,"13":0,"14":0,"15":0,"16":0,"17":0,"18":0,"19":0},"f":{"0":0,"1":0,"2":0,"3":0,"4":0,"5":0,"6":0,"7":0,"8":0,"9":0,"10":0,"11":0,"12":0},"b":{}}
,"/home/bibin/Desktop/benjose/july2/src/routes/employee.routes.ts": {"path":"/home/bibin/Desktop/benjose/july2/src/routes/employee.routes.ts","statementMap":{"0":{"start":{"line":1,"column":0},"end":{"line":1,"column":67}},"1":{"start":{"line":2,"column":0},"end":{"line":2,"column":46}},"2":{"start":{"line":3,"column":0},"end":{"line":3,"column":49}},"3":{"start":{"line":4,"column":0},"end":{"line":4,"column":67}},"4":{"start":{"line":5,"column":0},"end":{"line":5,"column":58}},"5":{"start":{"line":7,"column":27},"end":{"line":10,"column":null}},"6":{"start":{"line":12,"column":23},"end":{"line":12,"column":48}},"7":{"start":{"line":13,"column":0},"end":{"line":13,"column":30}}},"fnMap":{},"branchMap":{},"s":{"0":0,"1":0,"2":0,"3":0,"4":0,"5":0,"6":0,"7":0},"f":{},"b":{}}
,"/home/bibin/Desktop/benjose/july2/src/service/employee.service.ts": {"path":"/home/bibin/Desktop/benjose/july2/src/service/employee.service.ts","statementMap":{"0":{"start":{"line":1,"column":0},"end":{"line":1,"column":47}},"1":{"start":{"line":2,"column":0},"end":{"line":2,"column":49}},"2":{"start":{"line":3,"column":0},"end":{"line":3,"column":58}},"3":{"start":{"line":6,"column":0},"end":{"line":6,"column":28}},"4":{"start":{"line":7,"column":0},"end":{"line":7,"column":40}},"5":{"start":{"line":9,"column":22},"end":{"line":9,"column":61}},"6":{"start":{"line":11,"column":2},"end":{"line":13,"column":4}},"7":{"start":{"line":11,"column":52},"end":{"line":13,"column":4}},"8":{"start":{"line":12,"column":4},"end":{"line":12,"column":43}},"9":{"start":{"line":15,"column":2},"end":{"line":17,"column":4}},"10":{"start":{"line":15,"column":67},"end":{"line":17,"column":4}},"11":{"start":{"line":16,"column":4},"end":{"line":16,"column":54}},"12":{"start":{"line":19,"column":2},"end":{"line":41,"column":4}},"13":{"start":{"line":26,"column":25},"end":{"line":41,"column":4}},"14":{"start":{"line":27,"column":24},"end":{"line":27,"column":38}},"15":{"start":{"line":28,"column":4},"end":{"line":28,"column":28}},"16":{"start":{"line":29,"column":4},"end":{"line":29,"column":30}},"17":{"start":{"line":30,"column":4},"end":{"line":30,"column":26}},"18":{"start":{"line":31,"column":4},"end":{"line":31,"column":75}},"19":{"start":{"line":32,"column":4},"end":{"line":32,"column":28}},"20":{"start":{"line":34,"column":23},"end":{"line":34,"column":36}},"21":{"start":{"line":35,"column":4},"end":{"line":35,"column":37}},"22":{"start":{"line":36,"column":4},"end":{"line":36,"column":41}},"23":{"start":{"line":38,"column":4},"end":{"line":38,"column":37}},"24":{"start":{"line":40,"column":4},"end":{"line":40,"column":56}},"25":{"start":{"line":43,"column":2},"end":{"line":58,"column":4}},"26":{"start":{"line":46,"column":25},"end":{"line":58,"column":4}},"27":{"start":{"line":47,"column":29},"end":{"line":47,"column":59}},"28":{"start":{"line":48,"column":4},"end":{"line":50,"column":5}},"29":{"start":{"line":49,"column":6},"end":{"line":49,"column":71}},"30":{"start":{"line":52,"column":4},"end":{"line":52,"column":42}},"31":{"start":{"line":53,"column":4},"end":{"line":53,"column":44}},"32":{"start":{"line":54,"column":4},"end":{"line":54,"column":40}},"33":{"start":{"line":55,"column":4},"end":{"line":55,"column":60}},"34":{"start":{"line":56,"column":4},"end":{"line":56,"column":64}},"35":{"start":{"line":57,"column":4},"end":{"line":57,"column":59}},"36":{"start":{"line":60,"column":2},"end":{"line":63,"column":4}},"37":{"start":{"line":60,"column":55},"end":{"line":63,"column":4}},"38":{"start":{"line":61,"column":21},"end":{"line":61,"column":51}},"39":{"start":{"line":62,"column":4},"end":{"line":62,"column":57}},"40":{"start":{"line":65,"column":2},"end":{"line":84,"column":4}},"41":{"start":{"line":65,"column":60},"end":{"line":84,"column":4}},"42":{"start":{"line":66,"column":21},"end":{"line":66,"column":72}},"43":{"start":{"line":67,"column":4},"end":{"line":69,"column":5}},"44":{"start":{"line":68,"column":6},"end":{"line":68,"column":74}},"45":{"start":{"line":70,"column":19},"end":{"line":70,"column":68}},"46":{"start":{"line":71,"column":4},"end":{"line":73,"column":5}},"47":{"start":{"line":72,"column":6},"end":{"line":72,"column":74}},"48":{"start":{"line":75,"column":20},"end":{"line":79,"column":6}},"49":{"start":{"line":80,"column":18},"end":{"line":82,"column":6}},"50":{"start":{"line":83,"column":4},"end":{"line":83,"column":21}},"51":{"start":{"line":87,"column":0},"end":{"line":87,"column":31}}},"fnMap":{"0":{"name":"(anonymous_8)","decl":{"start":{"line":9,"column":2},"end":{"line":9,"column":22}},"loc":{"start":{"line":9,"column":61},"end":{"line":9,"column":65}}},"1":{"name":"(anonymous_9)","decl":{"start":{"line":11,"column":20},"end":{"line":11,"column":50}},"loc":{"start":{"line":11,"column":52},"end":{"line":13,"column":4}}},"2":{"name":"(anonymous_10)","decl":{"start":{"line":11,"column":52},"end":{"line":11,"column":null}},"loc":{"start":{"line":11,"column":52},"end":{"line":13,"column":3}}},"3":{"name":"(anonymous_11)","decl":{"start":{"line":15,"column":20},"end":{"line":15,"column":27}},"loc":{"start":{"line":15,"column":67},"end":{"line":17,"column":4}}},"4":{"name":"(anonymous_12)","decl":{"start":{"line":15,"column":67},"end":{"line":15,"column":null}},"loc":{"start":{"line":15,"column":67},"end":{"line":17,"column":3}}},"5":{"name":"(anonymous_13)","decl":{"start":{"line":19,"column":19},"end":{"line":19,"column":null}},"loc":{"start":{"line":26,"column":25},"end":{"line":41,"column":4}}},"6":{"name":"(anonymous_14)","decl":{"start":{"line":26,"column":25},"end":{"line":26,"column":null}},"loc":{"start":{"line":26,"column":25},"end":{"line":41,"column":3}}},"7":{"name":"(anonymous_15)","decl":{"start":{"line":43,"column":19},"end":{"line":43,"column":null}},"loc":{"start":{"line":46,"column":25},"end":{"line":58,"column":4}}},"8":{"name":"(anonymous_16)","decl":{"start":{"line":46,"column":25},"end":{"line":46,"column":null}},"loc":{"start":{"line":46,"column":25},"end":{"line":58,"column":3}}},"9":{"name":"(anonymous_17)","decl":{"start":{"line":60,"column":19},"end":{"line":60,"column":26}},"loc":{"start":{"line":60,"column":55},"end":{"line":63,"column":4}}},"10":{"name":"(anonymous_18)","decl":{"start":{"line":60,"column":55},"end":{"line":60,"column":null}},"loc":{"start":{"line":60,"column":55},"end":{"line":63,"column":3}}},"11":{"name":"(anonymous_19)","decl":{"start":{"line":65,"column":18},"end":{"line":65,"column":25}},"loc":{"start":{"line":65,"column":60},"end":{"line":84,"column":4}}},"12":{"name":"(anonymous_20)","decl":{"start":{"line":65,"column":60},"end":{"line":65,"column":null}},"loc":{"start":{"line":65,"column":60},"end":{"line":84,"column":3}}}},"branchMap":{"0":{"loc":{"start":{"line":31,"column":27},"end":{"line":31,"column":74}},"type":"cond-expr","locations":[{"start":{"line":31,"column":38},"end":{"line":31,"column":69}},{"start":{"line":31,"column":72},"end":{"line":31,"column":74}}]},"1":{"loc":{"start":{"line":48,"column":4},"end":{"line":50,"column":5}},"type":"if","locations":[{"start":{"line":48,"column":4},"end":{"line":50,"column":5}}]},"2":{"loc":{"start":{"line":67,"column":4},"end":{"line":69,"column":5}},"type":"if","locations":[{"start":{"line":67,"column":4},"end":{"line":69,"column":5}}]},"3":{"loc":{"start":{"line":71,"column":4},"end":{"line":73,"column":5}},"type":"if","locations":[{"start":{"line":71,"column":4},"end":{"line":73,"column":5}}]}},"s":{"0":0,"1":0,"2":0,"3":0,"4":0,"5":0,"6":0,"7":0,"8":0,"9":0,"10":0,"11":0,"12":0,"13":0,"14":0,"15":0,"16":0,"17":0,"18":0,"19":0,"20":0,"21":0,"22":0,"23":0,"24":0,"25":0,"26":0,"27":0,"28":0,"29":0,"30":0,"31":0,"32":0,"33":0,"34":0,"35":0,"36":0,"37":0,"38":0,"39":0,"40":0,"41":0,"42":0,"43":0,"44":0,"45":0,"46":0,"47":0,"48":0,"49":0,"50":0,"51":0},"f":{"0":0,"1":0,"2":0,"3":0,"4":0,"5":0,"6":0,"7":0,"8":0,"9":0,"10":0,"11":0,"12":0},"b":{"0":[0,0],"1":[0],"2":[0],"3":[0]}}
,"/home/bibin/Desktop/benjose/july2/src/utils/fizzBuzz.util.ts": {"path":"/home/bibin/Desktop/benjose/july2/src/utils/fizzBuzz.util.ts","statementMap":{"0":{"start":{"line":3,"column":4},"end":{"line":5,"column":5}},"1":{"start":{"line":4,"column":6},"end":{"line":4,"column":24}},"2":{"start":{"line":6,"column":4},"end":{"line":8,"column":5}},"3":{"start":{"line":7,"column":6},"end":{"line":7,"column":20}},"4":{"start":{"line":9,"column":4},"end":{"line":11,"column":5}},"5":{"start":{"line":10,"column":6},"end":{"line":10,"column":20}},"6":{"start":{"line":12,"column":4},"end":{"line":12,"column":15}},"7":{"start":{"line":15,"column":4},"end":{"line":15,"column":20}},"8":{"start":{"line":1,"column":0},"end":{"line":1,"column":13}},"9":{"start":{"line":18,"column":17},"end":{"line":18,"column":31}},"10":{"start":{"line":19,"column":0},"end":{"line":19,"column":63}},"11":{"start":{"line":19,"column":13},"end":{"line":19,"column":14}},"12":{"start":{"line":19,"column":29},"end":{"line":19,"column":63}}},"fnMap":{"0":{"name":"(anonymous_0)","decl":{"start":{"line":2,"column":9},"end":{"line":2,"column":17}},"loc":{"start":{"line":2,"column":21},"end":{"line":13,"column":3}}},"1":{"name":"(anonymous_1)","decl":{"start":{"line":14,"column":2},"end":{"line":14,"column":18}},"loc":{"start":{"line":14,"column":22},"end":{"line":16,"column":3}}}},"branchMap":{"0":{"loc":{"start":{"line":3,"column":4},"end":{"line":5,"column":5}},"type":"if","locations":[{"start":{"line":3,"column":4},"end":{"line":5,"column":5}}]},"1":{"loc":{"start":{"line":3,"column":8},"end":{"line":3,"column":36}},"type":"binary-expr","locations":[{"start":{"line":3,"column":8},"end":{"line":3,"column":20}},{"start":{"line":3,"column":24},"end":{"line":3,"column":36}}]},"2":{"loc":{"start":{"line":6,"column":4},"end":{"line":8,"column":5}},"type":"if","locations":[{"start":{"line":6,"column":4},"end":{"line":8,"column":5}}]},"3":{"loc":{"start":{"line":9,"column":4},"end":{"line":11,"column":5}},"type":"if","locations":[{"start":{"line":9,"column":4},"end":{"line":11,"column":5}}]}},"s":{"0":27,"1":4,"2":23,"3":7,"4":16,"5":4,"6":12,"7":0,"8":1,"9":1,"10":1,"11":1,"12":20},"f":{"0":27,"1":0},"b":{"0":[4],"1":[27,11],"2":[7],"3":[4]}}
,"/home/bibin/Desktop/benjose/july2/src/utils/role.enum.ts": {"path":"/home/bibin/Desktop/benjose/july2/src/utils/role.enum.ts","statementMap":{"0":{"start":{"line":1,"column":0},"end":{"line":1,"column":null}},"1":{"start":{"line":2,"column":4},"end":{"line":2,"column":null}},"2":{"start":{"line":3,"column":4},"end":{"line":3,"column":null}},"3":{"start":{"line":4,"column":4},"end":{"line":4,"column":null}},"4":{"start":{"line":5,"column":4},"end":{"line":5,"column":null}}},"fnMap":{"0":{"name":"(anonymous_0)","decl":{"start":{"line":1,"column":0},"end":{"line":1,"column":12}},"loc":{"start":{"line":1,"column":16},"end":{"line":6,"column":1}}}},"branchMap":{"0":{"loc":{"start":{"line":1,"column":12},"end":{"line":1,"column":null}},"type":"binary-expr","locations":[{"start":{"line":1,"column":12},"end":{"line":1,"column":16}},{"start":{"line":1,"column":16},"end":{"line":1,"column":null}}]}},"s":{"0":0,"1":0,"2":0,"3":0,"4":0},"f":{"0":0},"b":{"0":[0,0]}}
}
